2025-09-30 21:17:28,597 - ml_models.mlflow_integration - INFO - Using MLflow server at http://localhost:5000
2025-09-30 21:17:32,187 - ml_models.mlflow_integration - INFO - Using existing experiment: video_summarizer
2025-09-30 21:17:32,188 - ml_models.mlflow_integration - INFO - MLflowManager initialized with experiment: video_summarizer
2025-09-30 21:17:32,189 - ml_models.model_serving - INFO - ModelRegistry initialized at model_registry
2025-09-30 21:17:32,191 - ml_models.model_evaluation - INFO - ModelEvaluator initialized on cpu
2025-09-30 21:17:32,191 - ml_main - INFO - EnhancedVideoSummarizer initialized on cpu
2025-09-30 21:17:32,192 - ml_main - INFO - Starting fast video processing: temp\Every Computer Component Explained in 3 Minutes.mp4
2025-09-30 21:17:32,192 - ml_models.data_preprocessing - INFO - Extracting audio from video: temp\Every Computer Component Explained in 3 Minutes.mp4
2025-09-30 21:17:32,215 - ml_models.data_preprocessing - WARNING - Librosa extraction failed: 
2025-09-30 21:17:34,749 - ml_models.data_preprocessing - INFO - Audio extracted successfully with moviepy: temp\Every Computer Component Explained in 3 Minutes_audio.wav
2025-09-30 21:20:04,888 - ml_models.mlflow_integration - INFO - Using MLflow server at http://localhost:5000
2025-09-30 21:20:06,936 - ml_models.mlflow_integration - INFO - Using existing experiment: video_summarizer
2025-09-30 21:20:06,937 - ml_models.mlflow_integration - INFO - MLflowManager initialized with experiment: video_summarizer
2025-09-30 21:20:06,938 - ml_models.model_serving - INFO - ModelRegistry initialized at model_registry
2025-09-30 21:20:06,942 - ml_models.model_evaluation - INFO - ModelEvaluator initialized on cpu
2025-09-30 21:20:06,942 - ml_main - INFO - EnhancedVideoSummarizer initialized on cpu
2025-09-30 21:20:07,220 - ml_models.mlflow_integration - INFO - Started MLflow run: video_processing_Every Computer Component Explained in 3 Minutes (ID: 5609b02aaf3c48429cf893e197e93c4e)
2025-09-30 21:20:07,260 - ml_models.mlflow_integration - ERROR - Error starting run: 'charmap' codec can't encode character '\U0001f3c3' in position 0: character maps to <undefined>
2025-09-30 21:20:07,260 - ml_main - ERROR - Error in comprehensive video processing: 'charmap' codec can't encode character '\U0001f3c3' in position 0: character maps to <undefined>
2025-09-30 21:20:07,261 - ml_models.mlflow_integration - INFO - Ended MLflow run
2025-09-30 21:25:10,049 - ml_models.mlflow_integration - INFO - Using MLflow server at http://localhost:5000
2025-09-30 21:25:13,773 - ml_models.mlflow_integration - INFO - Using existing experiment: video_summarizer
2025-09-30 21:25:13,773 - ml_models.mlflow_integration - INFO - MLflowManager initialized with experiment: video_summarizer
2025-09-30 21:25:13,775 - ml_models.model_serving - INFO - ModelRegistry initialized at model_registry
2025-09-30 21:25:14,163 - ml_models.model_evaluation - INFO - ModelEvaluator initialized on cpu
2025-09-30 21:25:14,164 - ml_main - INFO - EnhancedVideoSummarizer initialized on cpu
2025-09-30 21:25:14,422 - ml_models.mlflow_integration - INFO - Started MLflow run: video_processing_Every Computer Component Explained in 3 Minutes (ID: a0dea32ea4934020a15d74f470b14589)
2025-09-30 21:25:14,464 - ml_models.mlflow_integration - ERROR - Error starting run: 'charmap' codec can't encode character '\U0001f3c3' in position 0: character maps to <undefined>
2025-09-30 21:25:14,465 - ml_main - ERROR - Error in comprehensive video processing: 'charmap' codec can't encode character '\U0001f3c3' in position 0: character maps to <undefined>
2025-09-30 21:25:14,465 - ml_models.mlflow_integration - INFO - Ended MLflow run
2025-09-30 21:30:01,959 - ml_models.mlflow_integration - INFO - Using MLflow server at http://localhost:5000
2025-09-30 21:30:05,526 - ml_models.mlflow_integration - INFO - Using existing experiment: video_summarizer
2025-09-30 21:30:05,526 - ml_models.mlflow_integration - INFO - MLflowManager initialized with experiment: video_summarizer
2025-09-30 21:30:05,527 - ml_models.model_serving - INFO - ModelRegistry initialized at model_registry
2025-09-30 21:30:05,936 - ml_models.model_evaluation - INFO - ModelEvaluator initialized on cpu
2025-09-30 21:30:05,936 - ml_main - INFO - EnhancedVideoSummarizer initialized on cpu
2025-09-30 21:30:05,936 - ml_main - INFO - Starting fast video processing: temp\Every Computer Component Explained in 3 Minutes.mp4
2025-09-30 21:30:05,937 - ml_models.data_preprocessing - INFO - Extracting audio from video: temp\Every Computer Component Explained in 3 Minutes.mp4
2025-09-30 21:30:08,033 - ml_models.data_preprocessing - WARNING - Librosa extraction failed: 
2025-09-30 21:30:10,461 - ml_models.data_preprocessing - INFO - Audio extracted successfully with moviepy: temp\Every Computer Component Explained in 3 Minutes_audio.wav
2025-09-30 21:38:02,720 - ml_models.mlflow_integration - INFO - Using MLflow server at http://localhost:5000
2025-09-30 21:38:06,225 - ml_models.mlflow_integration - INFO - Using existing experiment: video_summarizer
2025-09-30 21:38:06,225 - ml_models.mlflow_integration - INFO - MLflowManager initialized with experiment: video_summarizer
2025-09-30 21:38:06,226 - ml_models.model_serving - INFO - ModelRegistry initialized at model_registry
2025-09-30 21:38:06,577 - ml_models.model_evaluation - INFO - ModelEvaluator initialized on cpu
2025-09-30 21:38:06,578 - ml_main - INFO - EnhancedVideoSummarizer initialized on cpu
2025-09-30 21:38:06,578 - ml_main - INFO - Starting fast video processing: temp\Every Computer Component Explained in 3 Minutes.mp4
2025-09-30 21:38:06,578 - ml_models.data_preprocessing - INFO - Extracting audio from video: temp\Every Computer Component Explained in 3 Minutes.mp4
2025-09-30 21:38:08,641 - ml_models.data_preprocessing - WARNING - Librosa extraction failed: 
2025-09-30 21:38:11,078 - ml_models.data_preprocessing - INFO - Audio extracted successfully with moviepy: temp\Every Computer Component Explained in 3 Minutes_audio.wav
2025-09-30 21:38:11,079 - ml_main - INFO - Audio extracted successfully: temp\Every Computer Component Explained in 3 Minutes_audio.wav
2025-09-30 21:38:11,079 - ml_main - WARNING - No speech recognizer available
2025-09-30 21:38:11,079 - ml_main - INFO - No real transcript available, attempting basic video analysis...
2025-09-30 21:38:11,123 - ml_main - INFO - Created basic video description: 237 characters
